#
# There is insufficient memory for the Java Runtime Environment to continue.
# Native memory allocation (mmap) failed to map 7516192768 bytes for committing reserved memory.
# Possible reasons:
#   The system is out of physical RAM or swap space
#   The process is running with CompressedOops enabled, and the Java Heap may be blocking the growth of the native heap
# Possible solutions:
#   Reduce memory load on the system
#   Increase physical memory or swap space
#   Check if swap backing store is full
#   Decrease Java heap size (-Xmx/-Xms)
#   Decrease number of Java threads
#   Decrease Java thread stack sizes (-Xss)
#   Set larger code cache with -XX:ReservedCodeCacheSize=
#   JVM is running with Zero Based Compressed Oops mode in which the Java heap is
#     placed in the first 32GB address space. The Java Heap base address is the
#     maximum limit for the native heap growth. Please use -XX:HeapBaseMinAddress
#     to set the Java Heap base and to place the Java Heap above 32GB virtual address.
# This output file may be truncated or incomplete.
#
#  Out of Memory Error (os_linux.cpp:2728), pid=28196, tid=28197
#
# JRE version:  (17.0.1+12) (build )
# Java VM: Java HotSpot(TM) 64-Bit Server VM (17.0.1+12-LTS-39, mixed mode, sharing, tiered, compressed oops, compressed class ptrs, g1 gc, linux-amd64)
# Core dump will be written. Default location: Core dumps may be processed with "/usr/share/apport/apport %p %s %c %d %P %E" (or dumping to /root/mc_server/core.28196)
#

---------------  S U M M A R Y ------------

Command Line: -Xmx7168M -Xms7168M server.jar nogui

Host: Intel(R) Xeon(R) Gold 5120 CPU @ 2.20GHz, 4 cores, 3G, Ubuntu 18.04.6 LTS
Time: Fri May 13 21:05:23 2022 KST elapsed time: 0.007938 seconds (0d 0h 0m 0s)

---------------  T H R E A D  ---------------

Current thread (0x00007fef8c025350):  JavaThread "Unknown thread" [_thread_in_vm, id=28197, stack(0x00007fef93521000,0x00007fef93622000)]

Stack: [0x00007fef93521000,0x00007fef93622000],  sp=0x00007fef936203f0,  free space=1020k
Native frames: (J=compiled Java code, j=interpreted, Vv=VM code, C=native code)
V  [libjvm.so+0xe0b691]  VMError::report_and_die(int, char const*, char const*, __va_list_tag*, Thread*, unsigned char*, void*, void*, char const*, int, unsigned long)+0x1a1
V  [libjvm.so+0xe0c25d]  VMError::report_and_die(Thread*, char const*, int, unsigned long, VMErrorType, char const*, __va_list_tag*)+0x2d
V  [libjvm.so+0x5d6223]  report_vm_out_of_memory(char const*, int, unsigned long, VMErrorType, char const*, ...)+0xc3
V  [libjvm.so+0xbe57a8]  os::pd_commit_memory_or_exit(char*, unsigned long, unsigned long, bool, char const*)+0xd8
V  [libjvm.so+0xbde92d]  os::commit_memory_or_exit(char*, unsigned long, unsigned long, bool, char const*)+0x1d
V  [libjvm.so+0x70042e]  G1PageBasedVirtualSpace::commit(unsigned long, unsigned long)+0x18e
V  [libjvm.so+0x714d51]  G1RegionsLargerThanCommitSizeMapper::commit_regions(unsigned int, unsigned long, WorkGang*)+0x1a1
V  [libjvm.so+0x7a6648]  HeapRegionManager::commit_regions(unsigned int, unsigned long, WorkGang*)+0x58
V  [libjvm.so+0x7a7a05]  HeapRegionManager::expand(unsigned int, unsigned int, WorkGang*)+0x35
V  [libjvm.so+0x7a7c1e]  HeapRegionManager::expand_by(unsigned int, WorkGang*)+0x7e
V  [libjvm.so+0x6bad4f]  G1CollectedHeap::expand(unsigned long, WorkGang*, double*)+0xef
V  [libjvm.so+0x6bb4ff]  G1CollectedHeap::initialize()+0x72f
V  [libjvm.so+0xdbcaad]  universe_init()+0xbd
V  [libjvm.so+0x7c82c7]  init_globals()+0x37
V  [libjvm.so+0xd93ccf]  Threads::create_vm(JavaVMInitArgs*, bool*)+0x39f
V  [libjvm.so+0x896361]  JNI_CreateJavaVM+0x51
C  [libjli.so+0x3a8f]  JavaMain+0x8f
C  [libjli.so+0x7ee9]  ThreadJavaMain+0x9


---------------  P R O C E S S  ---------------

Threads class SMR info:
_java_thread_list=0x00007fef929da620, length=0, elements={
}

Java Threads: ( => current thread )

Other Threads:
  0x00007fef8c0571a0 GCTaskThread "GC Thread#0" [stack: 0x00007fef902ba000,0x00007fef903ba000] [id=28198]
  0x00007fef8c066780 ConcurrentGCThread "G1 Main Marker" [stack: 0x00007fef901b8000,0x00007fef902b8000] [id=28199]
  0x00007fef8c0676e0 ConcurrentGCThread "G1 Conc#0" [stack: 0x00007fef900b6000,0x00007fef901b6000] [id=28200]

[error occurred during error reporting (printing all threads), id 0xb, SIGSEGV (0xb) at pc=0x00007fef91e4f990]

VM state: not at safepoint (not fully initialized)

VM Mutex/Monitor currently owned by a thread:  ([mutex/lock_event])
[0x00007fef8c020c00] Heap_lock - owner thread: 0x00007fef8c025350

Heap address: 0x0000000640000000, size: 7168 MB, Compressed Oops mode: Zero based, Oop shift amount: 3

CDS archive(s) mapped at: [0x0000000000000000-0x0000000000000000-0x0000000000000000), size 0, SharedBaseAddress: 0x0000000800000000, ArchiveRelocationMode: 0.
Narrow klass base: 0x0000000000000000, Narrow klass shift: 0, Narrow klass range: 0x0

GC Precious Log:
<Empty>

Heap:
 garbage-first heap   total 0K, used 0K [0x0000000640000000, 0x0000000800000000)
  region size 4096K, 0 young (0K), 0 survivors (0K)

[error occurred during error reporting (printing heap information), id 0xb, SIGSEGV (0xb) at pc=0x00007fef92405cea]

GC Heap History (0 events):
No events

Deoptimization events (0 events):
No events

Classes unloaded (0 events):
No events

Classes redefined (0 events):
No events

Internal exceptions (0 events):
No events

VM Operations (0 events):
No events

Events (2 events):
Event: 0.001 Protecting memory [0x00007fef93521000,0x00007fef93525000] with protection modes 0
Event: 0.002 Loaded shared library /usr/lib/jvm/java-17-oracle/lib/libjava.so


Dynamic libraries:
55cdd4ccc000-55cdd4ccd000 r-xp 00000000 ca:01 669416                     /usr/lib/jvm/java-17-oracle/bin/java
55cdd4cce000-55cdd4ccf000 r--p 00001000 ca:01 669416                     /usr/lib/jvm/java-17-oracle/bin/java
55cdd4ccf000-55cdd4cd0000 rw-p 00002000 ca:01 669416                     /usr/lib/jvm/java-17-oracle/bin/java
55cdd62db000-55cdd62fc000 rw-p 00000000 00:00 0                          [heap]
7fef56000000-7fef58000000 rw-p 00000000 00:00 0 
7fef58000000-7fef58021000 rw-p 00000000 00:00 0 
7fef58021000-7fef5c000000 ---p 00000000 00:00 0 
7fef5c000000-7fef5c021000 rw-p 00000000 00:00 0 
7fef5c021000-7fef60000000 ---p 00000000 00:00 0 
7fef60000000-7fef60021000 rw-p 00000000 00:00 0 
7fef60021000-7fef64000000 ---p 00000000 00:00 0 
7fef645b7000-7fef64d68000 rw-p 00000000 00:00 0 
7fef64d68000-7fef75768000 ---p 00000000 00:00 0 
7fef75768000-7fef759d8000 rwxp 00000000 00:00 0 
7fef759d8000-7fef75cf9000 ---p 00000000 00:00 0 
7fef75cf9000-7fef75f69000 rwxp 00000000 00:00 0 
7fef75f69000-7fef7d230000 ---p 00000000 00:00 0 
7fef7d230000-7fef7d4a0000 rwxp 00000000 00:00 0 
7fef7d4a0000-7fef84768000 ---p 00000000 00:00 0 
7fef84768000-7fef8c000000 r--s 00000000 ca:01 1315959                    /usr/lib/jvm/java-17-oracle/lib/modules
7fef8c000000-7fef8c085000 rw-p 00000000 00:00 0 
7fef8c085000-7fef90000000 ---p 00000000 00:00 0 
7fef900b4000-7fef900b5000 ---p 00000000 00:00 0 
7fef900b5000-7fef901b6000 rw-p 00000000 00:00 0 
7fef901b6000-7fef901b7000 ---p 00000000 00:00 0 
7fef901b7000-7fef902b8000 rw-p 00000000 00:00 0 
7fef902b8000-7fef902b9000 ---p 00000000 00:00 0 
7fef902b9000-7fef907c3000 rw-p 00000000 00:00 0 
7fef907c3000-7fef908a9000 ---p 00000000 00:00 0 
7fef908a9000-7fef908ae000 rw-p 00000000 00:00 0 
7fef908ae000-7fef90994000 ---p 00000000 00:00 0 
7fef90994000-7fef9099f000 r-xp 00000000 ca:01 1966619                    /lib/x86_64-linux-gnu/libnss_files-2.27.so
7fef9099f000-7fef90b9e000 ---p 0000b000 ca:01 1966619                    /lib/x86_64-linux-gnu/libnss_files-2.27.so
7fef90b9e000-7fef90b9f000 r--p 0000a000 ca:01 1966619                    /lib/x86_64-linux-gnu/libnss_files-2.27.so
7fef90b9f000-7fef90ba0000 rw-p 0000b000 ca:01 1966619                    /lib/x86_64-linux-gnu/libnss_files-2.27.so
7fef90ba0000-7fef90ba6000 rw-p 00000000 00:00 0 
7fef90ba6000-7fef90bbd000 r-xp 00000000 ca:01 1966586                    /lib/x86_64-linux-gnu/libnsl-2.27.so
7fef90bbd000-7fef90dbc000 ---p 00017000 ca:01 1966586                    /lib/x86_64-linux-gnu/libnsl-2.27.so
7fef90dbc000-7fef90dbd000 r--p 00016000 ca:01 1966586                    /lib/x86_64-linux-gnu/libnsl-2.27.so
7fef90dbd000-7fef90dbe000 rw-p 00017000 ca:01 1966586                    /lib/x86_64-linux-gnu/libnsl-2.27.so
7fef90dbe000-7fef90dc0000 rw-p 00000000 00:00 0 
7fef90dc0000-7fef90dcb000 r-xp 00000000 ca:01 1966630                    /lib/x86_64-linux-gnu/libnss_nis-2.27.so
7fef90dcb000-7fef90fca000 ---p 0000b000 ca:01 1966630                    /lib/x86_64-linux-gnu/libnss_nis-2.27.so
7fef90fca000-7fef90fcb000 r--p 0000a000 ca:01 1966630                    /lib/x86_64-linux-gnu/libnss_nis-2.27.so
7fef90fcb000-7fef90fcc000 rw-p 0000b000 ca:01 1966630                    /lib/x86_64-linux-gnu/libnss_nis-2.27.so
7fef90fcc000-7fef90fd4000 r-xp 00000000 ca:01 1966603                    /lib/x86_64-linux-gnu/libnss_compat-2.27.so
7fef90fd4000-7fef911d4000 ---p 00008000 ca:01 1966603                    /lib/x86_64-linux-gnu/libnss_compat-2.27.so
7fef911d4000-7fef911d5000 r--p 00008000 ca:01 1966603                    /lib/x86_64-linux-gnu/libnss_compat-2.27.so
7fef911d5000-7fef911d6000 rw-p 00009000 ca:01 1966603                    /lib/x86_64-linux-gnu/libnss_compat-2.27.so
7fef911d6000-7fef91373000 r-xp 00000000 ca:01 1966559                    /lib/x86_64-linux-gnu/libm-2.27.so
7fef91373000-7fef91572000 ---p 0019d000 ca:01 1966559                    /lib/x86_64-linux-gnu/libm-2.27.so
7fef91572000-7fef91573000 r--p 0019c000 ca:01 1966559                    /lib/x86_64-linux-gnu/libm-2.27.so
7fef91573000-7fef91574000 rw-p 0019d000 ca:01 1966559                    /lib/x86_64-linux-gnu/libm-2.27.so
7fef91574000-7fef9157b000 r-xp 00000000 ca:01 1966646                    /lib/x86_64-linux-gnu/librt-2.27.so
7fef9157b000-7fef9177a000 ---p 00007000 ca:01 1966646                    /lib/x86_64-linux-gnu/librt-2.27.so
7fef9177a000-7fef9177b000 r--p 00006000 ca:01 1966646                    /lib/x86_64-linux-gnu/librt-2.27.so
7fef9177b000-7fef9177c000 rw-p 00007000 ca:01 1966646                    /lib/x86_64-linux-gnu/librt-2.27.so
7fef9177c000-7fef928a3000 r-xp 00000000 ca:01 1447472                    /usr/lib/jvm/java-17-oracle/lib/server/libjvm.so
7fef928a3000-7fef92958000 r--p 01126000 ca:01 1447472                    /usr/lib/jvm/java-17-oracle/lib/server/libjvm.so
7fef92958000-7fef9298b000 rw-p 011db000 ca:01 1447472                    /usr/lib/jvm/java-17-oracle/lib/server/libjvm.so
7fef9298b000-7fef929e5000 rw-p 00000000 00:00 0 
7fef929e5000-7fef92bcc000 r-xp 00000000 ca:01 1966527                    /lib/x86_64-linux-gnu/libc-2.27.so
7fef92bcc000-7fef92dcc000 ---p 001e7000 ca:01 1966527                    /lib/x86_64-linux-gnu/libc-2.27.so
7fef92dcc000-7fef92dd0000 r--p 001e7000 ca:01 1966527                    /lib/x86_64-linux-gnu/libc-2.27.so
7fef92dd0000-7fef92dd2000 rw-p 001eb000 ca:01 1966527                    /lib/x86_64-linux-gnu/libc-2.27.so
7fef92dd2000-7fef92dd6000 rw-p 00000000 00:00 0 
7fef92dd6000-7fef92dd9000 r-xp 00000000 ca:01 1966550                    /lib/x86_64-linux-gnu/libdl-2.27.so
7fef92dd9000-7fef92fd8000 ---p 00003000 ca:01 1966550                    /lib/x86_64-linux-gnu/libdl-2.27.so
7fef92fd8000-7fef92fd9000 r--p 00002000 ca:01 1966550                    /lib/x86_64-linux-gnu/libdl-2.27.so
7fef92fd9000-7fef92fda000 rw-p 00003000 ca:01 1966550                    /lib/x86_64-linux-gnu/libdl-2.27.so
7fef92fda000-7fef92ff4000 r-xp 00000000 ca:01 1966642                    /lib/x86_64-linux-gnu/libpthread-2.27.so
7fef92ff4000-7fef931f3000 ---p 0001a000 ca:01 1966642                    /lib/x86_64-linux-gnu/libpthread-2.27.so
7fef931f3000-7fef931f4000 r--p 00019000 ca:01 1966642                    /lib/x86_64-linux-gnu/libpthread-2.27.so
7fef931f4000-7fef931f5000 rw-p 0001a000 ca:01 1966642                    /lib/x86_64-linux-gnu/libpthread-2.27.so
7fef931f5000-7fef931f9000 rw-p 00000000 00:00 0 
7fef931f9000-7fef93215000 r-xp 00000000 ca:01 1966507                    /lib/x86_64-linux-gnu/libz.so.1.2.11
7fef93215000-7fef93414000 ---p 0001c000 ca:01 1966507                    /lib/x86_64-linux-gnu/libz.so.1.2.11
7fef93414000-7fef93415000 r--p 0001b000 ca:01 1966507                    /lib/x86_64-linux-gnu/libz.so.1.2.11
7fef93415000-7fef93416000 rw-p 0001c000 ca:01 1966507                    /lib/x86_64-linux-gnu/libz.so.1.2.11
7fef93416000-7fef9343f000 r-xp 00000000 ca:01 1966501                    /lib/x86_64-linux-gnu/ld-2.27.so
7fef93451000-7fef934cb000 rw-p 00000000 00:00 0 
7fef934cb000-7fef934d2000 ---p 00000000 00:00 0 
7fef934d2000-7fef934f6000 r-xp 00000000 ca:01 1315935                    /usr/lib/jvm/java-17-oracle/lib/libjava.so
7fef934f6000-7fef934f7000 ---p 00024000 ca:01 1315935                    /usr/lib/jvm/java-17-oracle/lib/libjava.so
7fef934f7000-7fef934f8000 r--p 00024000 ca:01 1315935                    /usr/lib/jvm/java-17-oracle/lib/libjava.so
7fef934f8000-7fef934f9000 rw-p 00025000 ca:01 1315935                    /usr/lib/jvm/java-17-oracle/lib/libjava.so
7fef934f9000-7fef934fa000 rw-p 00000000 00:00 0 
7fef934fa000-7fef93502000 rw-s 00000000 ca:01 1182353                    /tmp/hsperfdata_root/28196
7fef93502000-7fef9351d000 r-xp 00000000 ca:01 1315939                    /usr/lib/jvm/java-17-oracle/lib/libjimage.so
7fef9351d000-7fef9351e000 ---p 0001b000 ca:01 1315939                    /usr/lib/jvm/java-17-oracle/lib/libjimage.so
7fef9351e000-7fef93520000 r--p 0001b000 ca:01 1315939                    /usr/lib/jvm/java-17-oracle/lib/libjimage.so
7fef93520000-7fef93521000 rw-p 0001d000 ca:01 1315939                    /usr/lib/jvm/java-17-oracle/lib/libjimage.so
7fef93521000-7fef93525000 ---p 00000000 00:00 0 
7fef93525000-7fef93624000 rw-p 00000000 00:00 0 
7fef93624000-7fef93633000 r-xp 00000000 ca:01 1315940                    /usr/lib/jvm/java-17-oracle/lib/libjli.so
7fef93633000-7fef93634000 r--p 0000e000 ca:01 1315940                    /usr/lib/jvm/java-17-oracle/lib/libjli.so
7fef93634000-7fef93635000 rw-p 0000f000 ca:01 1315940                    /usr/lib/jvm/java-17-oracle/lib/libjli.so
7fef93635000-7fef93637000 rw-p 00000000 00:00 0 
7fef9363c000-7fef9363d000 ---p 00000000 00:00 0 
7fef9363d000-7fef9363e000 r--p 00000000 00:00 0 
7fef9363e000-7fef9363f000 ---p 00000000 00:00 0 
7fef9363f000-7fef93640000 r--p 00029000 ca:01 1966501                    /lib/x86_64-linux-gnu/ld-2.27.so
7fef93640000-7fef93641000 rw-p 0002a000 ca:01 1966501                    /lib/x86_64-linux-gnu/ld-2.27.so
7fef93641000-7fef93642000 rw-p 00000000 00:00 0 
7fff506aa000-7fff506cb000 rw-p 00000000 00:00 0                          [stack]
7fff507a7000-7fff507aa000 r--p 00000000 00:00 0                          [vvar]
7fff507aa000-7fff507ac000 r-xp 00000000 00:00 0                          [vdso]
ffffffffff600000-ffffffffff601000 r-xp 00000000 00:00 0                  [vsyscall]


VM Arguments:
jvm_args: -Xmx7168M -Xms7168M 
java_command: server.jar nogui
java_class_path (initial): server.jar
Launcher Type: SUN_STANDARD

[Global flags]
     intx CICompilerCount                          = 3                                         {product} {ergonomic}
     uint ConcGCThreads                            = 1                                         {product} {ergonomic}
     uint G1ConcRefinementThreads                  = 4                                         {product} {ergonomic}
   size_t G1HeapRegionSize                         = 4194304                                   {product} {ergonomic}
    uintx GCDrainStackTargetSize                   = 64                                        {product} {ergonomic}
   size_t InitialHeapSize                          = 7516192768                                {product} {command line}
   size_t MarkStackSize                            = 4194304                                   {product} {ergonomic}
   size_t MaxHeapSize                              = 7516192768                                {product} {command line}
   size_t MinHeapDeltaBytes                        = 4194304                                   {product} {ergonomic}
   size_t MinHeapSize                              = 7516192768                                {product} {command line}
    uintx NonNMethodCodeHeapSize                   = 5832780                                {pd product} {ergonomic}
    uintx NonProfiledCodeHeapSize                  = 122912730                              {pd product} {ergonomic}
    uintx ProfiledCodeHeapSize                     = 122912730                              {pd product} {ergonomic}
    uintx ReservedCodeCacheSize                    = 251658240                              {pd product} {ergonomic}
     bool SegmentedCodeCache                       = true                                      {product} {ergonomic}
   size_t SoftMaxHeapSize                          = 7516192768                             {manageable} {ergonomic}
     bool UseCompressedClassPointers               = true                           {product lp64_product} {ergonomic}
     bool UseCompressedOops                        = true                           {product lp64_product} {ergonomic}
     bool UseG1GC                                  = true                                      {product} {ergonomic}

Logging:
Log output configuration:
 #0: stdout all=warning uptime,level,tags
 #1: stderr all=off uptime,level,tags

Environment Variables:
PATH=/usr/local/sbin:/usr/local/bin:/usr/sbin:/usr/bin:/sbin:/bin:/usr/games:/usr/local/games:/snap/bin
SHELL=/bin/bash
LANG=en_US.UTF-8

Signal Handlers:
   SIGSEGV: crash_handler in libjvm.so, mask=11100100010111111101111111111110, flags=SA_RESTART|SA_SIGINFO
    SIGBUS: crash_handler in libjvm.so, mask=11100100010111111101111111111110, flags=SA_RESTART|SA_SIGINFO
    SIGFPE: crash_handler in libjvm.so, mask=11100100010111111101111111111110, flags=SA_RESTART|SA_SIGINFO
   SIGPIPE: javaSignalHandler in libjvm.so, mask=11100100010111111101111111111110, flags=SA_RESTART|SA_SIGINFO
   SIGXFSZ: javaSignalHandler in libjvm.so, mask=11100100010111111101111111111110, flags=SA_RESTART|SA_SIGINFO
    SIGILL: crash_handler in libjvm.so, mask=11100100010111111101111111111110, flags=SA_RESTART|SA_SIGINFO
   SIGUSR2: SR_handler in libjvm.so, mask=00000000000000000000000000000000, flags=SA_RESTART|SA_SIGINFO
    SIGHUP: SIG_DFL, mask=00000000000000000000000000000000, flags=none
    SIGINT: SIG_DFL, mask=00000000000000000000000000000000, flags=none
   SIGTERM: SIG_DFL, mask=00000000000000000000000000000000, flags=none
   SIGQUIT: SIG_DFL, mask=00000000000000000000000000000000, flags=none
   SIGTRAP: crash_handler in libjvm.so, mask=11100100010111111101111111111110, flags=SA_RESTART|SA_SIGINFO


---------------  S Y S T E M  ---------------

OS:
DISTRIB_ID=Ubuntu
DISTRIB_RELEASE=18.04
DISTRIB_CODENAME=bionic
DISTRIB_DESCRIPTION="Ubuntu 18.04.6 LTS"
uname: Linux 4.15.0-118-generic #119-Ubuntu SMP Tue Sep 8 12:30:01 UTC 2020 x86_64
OS uptime: 0 days 1:05 hours
libc: glibc 2.27 NPTL 2.27 
rlimit (soft/hard): STACK 8192k/infinity , CORE 0k/infinity , NPROC 15492/15492 , NOFILE 1048576/1048576 , AS infinity/infinity , CPU infinity/infinity , DATA infinity/infinity , FSIZE infinity/infinity , MEMLOCK 16384k/16384k
load average: 0.04 0.11 0.14

/proc/meminfo:
MemTotal:        4029268 kB
MemFree:         1047264 kB
MemAvailable:    3577964 kB
Buffers:           27160 kB
Cached:          2581976 kB
SwapCached:            0 kB
Active:          1204528 kB
Inactive:        1471876 kB
Active(anon):      67704 kB
Inactive(anon):      264 kB
Active(file):    1136824 kB
Inactive(file):  1471612 kB
Unevictable:           0 kB
Mlocked:               0 kB
SwapTotal:             0 kB
SwapFree:              0 kB
Dirty:                68 kB
Writeback:             0 kB
AnonPages:         67328 kB
Mapped:            60976 kB
Shmem:               704 kB
Slab:             258628 kB
SReclaimable:     208432 kB
SUnreclaim:        50196 kB
KernelStack:        3000 kB
PageTables:         4592 kB
NFS_Unstable:          0 kB
Bounce:                0 kB
WritebackTmp:          0 kB
CommitLimit:     2014632 kB
Committed_AS:     429056 kB
VmallocTotal:   34359738367 kB
VmallocUsed:           0 kB
VmallocChunk:          0 kB
HardwareCorrupted:     0 kB
AnonHugePages:         0 kB
ShmemHugePages:        0 kB
ShmemPmdMapped:        0 kB
CmaTotal:              0 kB
CmaFree:               0 kB
HugePages_Total:       0
HugePages_Free:        0
HugePages_Rsvd:        0
HugePages_Surp:        0
Hugepagesize:       2048 kB
DirectMap4k:      143360 kB
DirectMap2M:     4042752 kB
DirectMap1G:           0 kB

/sys/kernel/mm/transparent_hugepage/enabled: always [madvise] never
/sys/kernel/mm/transparent_hugepage/defrag (defrag/compaction efforts parameter): always defer defer+madvise [madvise] never

Process Memory:
Virtual Size: 999464K (peak: 8335732K)
Resident Set Size: 18084K (peak: 18084K) (anon: 5888K, file: 12196K, shmem: 0K)
Swapped out: 0K
C-Heap outstanding allocations: 629K

/proc/sys/kernel/threads-max (system-wide limit on the number of threads): 30984
/proc/sys/vm/max_map_count (maximum number of memory map areas a process may have): 65530
/proc/sys/kernel/pid_max (system-wide limit on number of process identifiers): 32768

container (cgroup) information:
container_type: cgroupv1
cpu_cpuset_cpus: 0-3
cpu_memory_nodes: 0
active_processor_count: 4
cpu_quota: no quota
cpu_period: 100000
cpu_shares: no shares
memory_limit_in_bytes: unlimited
memory_and_swap_limit_in_bytes: not supported
memory_soft_limit_in_bytes: unlimited
memory_usage_in_bytes: 2748751872
memory_max_usage_in_bytes: 3705208832

Xen hardware-assisted virtualization detected
Steal ticks since vm start: 0
Steal ticks percentage since vm start:  0.000

CPU: total 4 (initial active 4) (8 cores per cpu, 1 threads per core) family 6 model 85 stepping 4 microcode 0x2000069, cx8, cmov, fxsr, mmx, 3dnowpref, sse, sse2, sse3, ssse3, sse4.1, sse4.2, popcnt, lzcnt, tsc, avx, avx2, aes, erms, clmul, bmi1, bmi2, rtm, adx, fma, vzeroupper, clflush, clflushopt, clwb, hv
CPU Model and flags from /proc/cpuinfo:
model name	: Intel(R) Xeon(R) Gold 5120 CPU @ 2.20GHz
flags		: fpu vme de pse tsc msr pae mce cx8 apic sep mtrr pge mca cmov pat pse36 clflush acpi mmx fxsr sse sse2 ht syscall nx pdpe1gb rdtscp lm constant_tsc rep_good nopl cpuid pni pclmulqdq ssse3 fma cx16 pcid sse4_1 sse4_2 x2apic movbe popcnt tsc_deadline_timer aes xsave avx f16c rdrand hypervisor lahf_lm abm 3dnowprefetch cpuid_fault invpcid_single pti intel_ppin ibrs ibpb stibp fsgsbase tsc_adjust bmi1 hle avx2 smep bmi2 erms invpcid rtm mpx rdseed adx smap clflushopt clwb xsaveopt xsavec xgetbv1 xsaves pku ospke

Online cpus: 0-3
Offline cpus: 4-14
BIOS frequency limitation: <Not Available>
Frequency switch latency (ns): <Not Available>
Available cpu frequencies: <Not Available>
Current governor: <Not Available>
Core performance/turbo boost: <Not Available>

Memory: 4k page, physical 4029268k(1047264k free), swap 0k(0k free)
Page Sizes: 4k

vm_info: Java HotSpot(TM) 64-Bit Server VM (17.0.1+12-LTS-39) for linux-amd64 JRE (17.0.1+12-LTS-39), built on Sep 27 2021 17:33:53 by "mach5one" with gcc 10.3.0

END.
